0 silly input [ 'publish' ]
1 silly flags { _: [ 'publish' ], 'reject-cycles': false, rejectCycles: false }
2 verbose rootPath /Users/adam.meszaros/manifest_editors/iiif-manifest-editor-components
3 info version 2.11.0
4 silly isInitialized
5 silly isInitialized true
6 silly existsSync /Users/adam.meszaros/manifest_editors/iiif-manifest-editor-components/VERSION
7 silly initialize attempt
8 info current version 1.0.2
9 silly isDetachedHead
10 silly getCurrentBranch
11 verbose getCurrentBranch master
12 verbose isDetachedHead false
13 silly getCurrentBranch
14 verbose getCurrentBranch master
15 silly getUpdates
16 info Checking for updated packages...
17 silly hasTags
18 verbose hasTags true
19 silly getLastTag
20 verbose getLastTag v1.0.2
21 info Comparing with v1.0.2.
22 silly diffSinceIn v1.0.2 packages/core
23 silly diff packages/core/doczrc.js
23 silly diff packages/core/package.json
24 silly diffSinceIn v1.0.2 packages/delft
25 silly diff
26 silly diffSinceIn v1.0.2 packages/demosite
27 silly diff
28 silly diffSinceIn v1.0.2 packages/vna
29 silly diff packages/vna/src/components/SlideEditor.js
30 verbose updated @iiif-mec/core
31 verbose updated @IIIF-MEC/vna
32 info Checking for prereleased packages...
33 silly collectDependents
34 silly isPackageDependentOf @iiif-mec/core @iiif-mec/core
35 silly isPackageDependentOf @iiif-mec/core @IIIF-MEC/vna
36 silly isPackageDependentOf @IIIF-MEC/delft @iiif-mec/core
37 silly isPackageDependentOf @IIIF-MEC/delft @IIIF-MEC/vna
38 silly isPackageDependentOf @IIIF-MEC/demosite @iiif-mec/core
39 silly isPackageDependentOf @IIIF-MEC/demosite @IIIF-MEC/vna
40 silly isPackageDependentOf @IIIF-MEC/vna @iiif-mec/core
41 silly isPackageDependentOf @IIIF-MEC/vna @IIIF-MEC/vna
42 silly collectUpdates
43 verbose has filtered update @iiif-mec/core
44 verbose has filtered update @IIIF-MEC/vna
45 silly initialize success
46 silly execute attempt
47 silly addFile /Users/adam.meszaros/manifest_editors/iiif-manifest-editor-components/lerna.json
48 silly runScriptSync preversion iiif-manifest-editor-components
49 silly runScriptSync preversion @iiif-mec/core
50 silly runScriptSync version @iiif-mec/core
51 silly runScriptSync preversion @IIIF-MEC/vna
52 silly runScriptSync version @IIIF-MEC/vna
53 silly runScriptSync version iiif-manifest-editor-components
54 silly addFile /Users/adam.meszaros/manifest_editors/iiif-manifest-editor-components/packages/core/package.json
55 silly addFile /Users/adam.meszaros/manifest_editors/iiif-manifest-editor-components/packages/vna/package.json
56 silly commit chore(release): publish
57 verbose commit [ 'commit', '--no-verify', '-m', 'chore(release): publish' ]
58 silly addTag v1.0.3
59 silly runScriptSync postversion @iiif-mec/core
60 silly runScriptSync postversion @IIIF-MEC/vna
61 silly runScriptSync postversion iiif-manifest-editor-components
62 info publish Publishing packages to npm...
63 silly existsSync /Users/adam.meszaros/manifest_editors/iiif-manifest-editor-components/packages/core/scripts/prepublish.js
64 verbose execScript No prepublish script found at /Users/adam.meszaros/manifest_editors/iiif-manifest-editor-components/packages/core/scripts/prepublish.js
65 silly existsSync /Users/adam.meszaros/manifest_editors/iiif-manifest-editor-components/packages/vna/scripts/prepublish.js
66 verbose execScript No prepublish script found at /Users/adam.meszaros/manifest_editors/iiif-manifest-editor-components/packages/vna/scripts/prepublish.js
67 verbose publishing @iiif-mec/core
68 silly publishTaggedInDir latest core
69 silly getExecOpts { cwd: '/Users/adam.meszaros/manifest_editors/iiif-manifest-editor-components/packages/core' }
70 error publish Retrying failed publish: @iiif-mec/core
71 verbose publish error undefined
72 verbose publishing @iiif-mec/core
73 silly publishTaggedInDir latest core
74 silly getExecOpts { cwd: '/Users/adam.meszaros/manifest_editors/iiif-manifest-editor-components/packages/core' }
75 error publish Retrying failed publish: @iiif-mec/core
76 verbose publish error undefined
77 verbose publishing @iiif-mec/core
78 silly publishTaggedInDir latest core
79 silly getExecOpts { cwd: '/Users/adam.meszaros/manifest_editors/iiif-manifest-editor-components/packages/core' }
80 error publish Retrying failed publish: @iiif-mec/core
81 verbose publish error undefined
82 verbose publishing @iiif-mec/core
83 silly publishTaggedInDir latest core
84 silly getExecOpts { cwd: '/Users/adam.meszaros/manifest_editors/iiif-manifest-editor-components/packages/core' }
85 error publish Retrying failed publish: @iiif-mec/core
86 verbose publish error undefined
87 verbose publishing @iiif-mec/core
88 silly publishTaggedInDir latest core
89 silly getExecOpts { cwd: '/Users/adam.meszaros/manifest_editors/iiif-manifest-editor-components/packages/core' }
90 error publish Ran out of retries while publishing @iiif-mec/core Error: Command failed: npm publish --tag latest
90 error publish npm notice
90 error publish npm notice 📦  @iiif-mec/core@1.0.3
90 error publish npm notice === Tarball Contents ===
90 error publish npm notice 2.5kB  package.json
90 error publish npm notice 59B    .eslintignore
90 error publish npm notice 49B    .eslintrc.js
90 error publish npm notice 5B     .nvmrc
90 error publish npm notice 55B    .prettierrc
90 error publish npm notice 1.3kB  doczrc.js
90 error publish npm notice 122B   jest.transform.js
90 error publish npm notice 1.1kB  LICENSE
90 error publish npm notice 40B    README.md
90 error publish npm notice 223B   setup.jest.js
90 error publish npm notice 124B   webpack.config.js
90 error publish npm notice 21B    __mocks__/styleMock.js
90 error publish npm notice 3.3kB  lib/annotation/AudioPainting.js
90 error publish npm notice 269B   lib/annotation/AudioPainting.mdx
90 error publish npm notice 1.4kB  lib/annotation/BaseAnnotation.js
90 error publish npm notice 2.4kB  lib/annotation/forms/AudioPropertiesForm.js
90 error publish npm notice 1.2kB  lib/annotation/forms/FormStyles.js
90 error publish npm notice 7.5kB  lib/annotation/forms/ImagePropertiesForm.js
90 error publish npm notice 1.9kB  lib/annotation/forms/RangeStyles.scss
90 error publish npm notice 2.1kB  lib/annotation/forms/TextPropertiesForm.js
90 error publish npm notice 8.0kB  lib/annotation/forms/VideoPropertiesForm.js
90 error publish npm notice 3.3kB  lib/annotation/ImagePainting.js
90 error publish npm notice 410B   lib/annotation/ImagePainting.mdx
90 error publish npm notice 2.3kB  lib/annotation/index.js
90 error publish npm notice 3.4kB  lib/annotation/TextLayoutViewFocus.js
90 error publish npm notice 3.4kB  lib/annotation/TextPainting.js
90 error publish npm notice 358B   lib/annotation/TextPainting.mdx
90 error publish npm notice 3.7kB  lib/annotation/VideoPainting.js
90 error publish npm notice 467B   lib/annotation/VideoPainting.mdx
90 error publish npm notice 827B   lib/components/AnnotationBodyRenderer/AnnotationBodyRenderer.js
90 error publish npm notice 346B   lib/components/AnnotationBodyRenderer/AnnotationBodyRenderer.mdx
90 error publish npm notice 3.1kB  lib/components/AnnotationList/__snapshots__/AnnotationList.test.js.snap
90 error publish npm notice 4.6kB  lib/components/AnnotationList/AnnotationList.js
90 error publish npm notice 3.7kB  lib/components/AnnotationList/AnnotationList.mdx
90 error publish npm notice 487B   lib/components/AnnotationList/AnnotationList.test.js
90 error publish npm notice 2.1kB  lib/components/AnnotationList/AnnotationListItem.js
90 error publish npm notice 1.6kB  lib/components/AppBarButton/AppBarButton.js
90 error publish npm notice 756B   lib/components/AppBarButton/AppBarButton.mdx
90 error publish npm notice 582B   lib/components/ApplicationLayout/ApplicationLayout.js
90 error publish npm notice 1.2kB  lib/components/ApplicationLayout/ApplicationLayout.scss
90 error publish npm notice 938B   lib/components/ButtonWithTooltip/ButtonWithTooltip.js
90 error publish npm notice 358B   lib/components/ButtonWithTooltip/ButtonWithTooltip.mdx
90 error publish npm notice 4.0kB  lib/components/CanvasList/__snapshots__/CanvasList.test.js.snap
90 error publish npm notice 8.0kB  lib/components/CanvasList/CanvasList.js
90 error publish npm notice 694B   lib/components/CanvasList/CanvasList.mdx
90 error publish npm notice 441B   lib/components/CanvasList/CanvasList.test.js
90 error publish npm notice 2.9kB  lib/components/DefaultAnnotationListToolbar/DefaultAnnotationListToolbar.js
90 error publish npm notice 2.5kB  lib/components/DefaultLoadManifestDialog/DefaultLoadManifestDialog.js
90 error publish npm notice 721B   lib/components/DefaultTooltip/DefaultTooltip.js
90 error publish npm notice 318B   lib/components/DLCSExplorer/DLCS.utils.js
90 error publish npm notice 10.8kB lib/components/DLCSExplorer/DLCSExplorer.js
90 error publish npm notice 60B    lib/components/DLCSExplorer/DLCSExplorer.mdx
90 error publish npm notice 3.6kB  lib/components/DLCSExplorer/DLCSImageThumbnail.js
90 error publish npm notice 5.1kB  lib/components/DLCSExplorer/DLCSLoginPanel.js
90 error publish npm notice 3.9kB  lib/components/DLCSExplorer/DLCSNewSpaceForm.js
90 error publish npm notice 355B   lib/components/DLCSExplorer/DLCSPanel.js
90 error publish npm notice 6.4kB  lib/components/DLCSExplorer/DLCSSearchForm.js
90 error publish npm notice 9.6kB  lib/components/DLCSExplorer/DropzoneUpload.js
90 error publish npm notice 2.5kB  lib/components/EditableCanvas/__snapshots__/EditableCanvas.test.js.snap
90 error publish npm notice 7.8kB  lib/components/EditableCanvas/EditableCanvas.js
90 error publish npm notice 770B   lib/components/EditableCanvas/EditableCanvas.mdx
90 error publish npm notice 426B   lib/components/EditableCanvas/EditableCanvas.test.js
90 error publish npm notice 4.0kB  lib/components/EditableCanvasPanel/AnnotationResizers.js
90 error publish npm notice 12.2kB lib/components/EditableCanvasPanel/EditableAnnotation.js
90 error publish npm notice 10.6kB lib/components/EditableCanvasPanel/EditableCanvasPanel.js
90 error publish npm notice 3.2kB  lib/components/EditableCanvasPanel/EditableCanvasPanel.mdx
90 error publish npm notice 22.4kB lib/components/EditorContext/EditorContext.js
90 error publish npm notice 1.1kB  lib/components/EditorContext/EditorContext.mdx
90 error publish npm notice 6.1kB  lib/components/IIIFBehaviours/IIIFBehaviours.js
90 error publish npm notice 2.2kB  lib/components/IIIFCollectionExplorer/__snapshots__/IIIFCollectionExplorer.test.js.snap
90 error publish npm notice 7.7kB  lib/components/IIIFCollectionExplorer/IIIFCollectionExplorer.CanvasList.js
90 error publish npm notice 3.5kB  lib/components/IIIFCollectionExplorer/IIIFCollectionExplorer.CollectionLister.js
90 error publish npm notice 2.3kB  lib/components/IIIFCollectionExplorer/IIIFCollectionExplorer.IMG.js
90 error publish npm notice 7.1kB  lib/components/IIIFCollectionExplorer/IIIFCollectionExplorer.js
90 error publish npm notice 819B   lib/components/IIIFCollectionExplorer/IIIFCollectionExplorer.mdx
90 error publish npm notice 4.5kB  lib/components/IIIFCollectionExplorer/IIIFCollectionExplorer.NavBar.js
90 error publish npm notice 427B   lib/components/IIIFCollectionExplorer/IIIFCollectionExplorer.test.js
90 error publish npm notice 2.7kB  lib/components/IIIFCollectionExplorer/IIIFCollectionExplorer.utils.js
90 error publish npm notice 6.6kB  lib/components/IIIFKeyValueField/IIIFKeyValueField.js
90 error publish npm notice 292B   lib/components/IIIFKeyValueField/quill-extras.scss
90 error publish npm notice 4.0kB  lib/components/IIIFTextField/IIIFTextField.js
90 error publish npm notice 292B   lib/components/IIIFTextField/quill-extras.scss
90 error publish npm notice 6.7kB  lib/components/ImageCropper/ImageCropper.js
90 error publish npm notice 5.8kB  lib/components/index.js
90 error publish npm notice 1.6kB  lib/components/LabelContext/LabelContext.js
90 error publish npm notice 965B   lib/components/LanguagesDropdown/LanguagesDropdown.js
90 error publish npm notice 550B   lib/components/LocaleString/LocaleString.js
90 error publish npm notice 2.2kB  lib/components/ManifestEditor/ManifestEditor.js
90 error publish npm notice 81B    lib/components/ManifestEditor/ManifestEditor.mdx
90 error publish npm notice 978B   lib/components/ManifestEditorAppBar/ManifestEditorAppBar.js
90 error publish npm notice 2.5kB  lib/components/MetadataEditor/__snapshots__/MetadataEditor.test.js.snap
90 error publish npm notice 11.1kB lib/components/MetadataEditor/MetadataEditor.js
90 error publish npm notice 201B   lib/components/MetadataEditor/MetadataEditor.mdx
90 error publish npm notice 636B   lib/components/MetadataEditor/MetadataEditor.test.js
90 error publish npm notice 5.9kB  lib/components/NewAnnotationDialog/NewAnnotationDialog.js
90 error publish npm notice 185B   lib/components/NewAnnotationDialog/NewAnnotationDialog.mdx
90 error publish npm notice 511B   lib/components/NotSupportedAnnotation/NotSupportedAnnotation.js
90 error publish npm notice 496B   lib/components/Panel/Panel.js
90 error publish npm notice 613B   lib/components/Panel/Panel.mdx
90 error publish npm notice 643B   lib/components/Panel/Panel.scss
90 error publish npm notice 11.8kB lib/components/Properties/Properties.js
90 error publish npm notice 2.1kB  lib/components/Properties/Properties.mdx
90 error publish npm notice 3.9kB  lib/components/Properties/Properties.TranslationDialog.js
90 error publish npm notice 606B   lib/components/Properties/Properties.TranslationDialog.mdx
90 error publish npm notice 1.1kB  lib/components/SourcePreviewDialog/SourcePreviewDialog.js
90 error publish npm notice 5.2kB  lib/components/TabPanel/TabPanel.js
90 error publish npm notice 3.1kB  lib/components/TabPanel/TabPanel.mdx
90 error publish npm notice 346B   lib/components/TabPanel/TabPanel.scss
90 error publish npm notice 259B   lib/constants/sizing.js
90 error publish npm notice 77B    lib/containers/ExternalAnnotationServer.mdx
90 error publish npm notice 10.4kB lib/containers/SimpleEditorUI.js
90 error publish npm notice 396B   lib/containers/SimpleEditorUI.mdx
90 error publish npm notice 43.4kB lib/containers/SimpleEditorUI.scss
90 error publish npm notice 5.4kB  lib/containers/TUDelftManifestEditor.ExhibitionCanvasWidthHeight.js
90 error publish npm notice 14.8kB lib/containers/TUDelftManifestEditor.ExhibitionPreview.js
90 error publish npm notice 14.0kB lib/containers/TUDelftManifestEditor.js
90 error publish npm notice 541B   lib/containers/TUDelftManifestEditor.mdx
90 error publish npm notice 45.9kB lib/containers/TUDelftManifestEditor.scss
90 error publish npm notice 10.4kB lib/containers/VNASlideshowEditor.js
90 error publish npm notice 402B   lib/containers/VNASlideshowEditor.mdx
90 error publish npm notice 45B    lib/docz.html
90 error publish npm notice 8.7kB  lib/index.js
90 error publish npm notice 40B    lib/index.mdx
90 error publish npm notice 1.1kB  lib/nunjucks/index.twig
90 error publish npm notice 286B   lib/reducers/dd.js
90 error publish npm notice 106B   lib/reducers/dd.mdx
90 error publish npm notice 1.3kB  lib/reducers/editor.js
90 error publish npm notice 432B   lib/reducers/editor.mdx
90 error publish npm notice 397B   lib/reducers/editor.test.js
90 error publish npm notice 8.6kB  lib/reducers/iiif.js
90 error publish npm notice 918B   lib/reducers/iiif.mdx
90 error publish npm notice 16.1kB lib/reducers/iiif.test.js
90 error publish npm notice 2.4kB  lib/utils/addResource.js
90 error publish npm notice 440B   lib/utils/colors.js
90 error publish npm notice 601B   lib/utils/download.js
90 error publish npm notice 2.8kB  lib/utils/IIIFPersistance.js
90 error publish npm notice 30.0kB lib/utils/IIIFResource.js
90 error publish npm notice 9.7kB  lib/utils/IIIFResource.noasyncawait.js
90 error publish npm notice 4.3kB  lib/utils/IIIFResource.test.js
90 error publish npm notice 876B   lib/utils/IIIFUpgrader.js
90 error publish npm notice 6.2kB  lib/utils/IIIFUpgrader.test.js
90 error publish npm notice 2.9kB  lib/utils/index.js
90 error publish npm notice 2.2kB  lib/utils/URIGenerator.js
90 error publish npm notice 4.0kB  lib/utils/URIGenerator.test.js
90 error publish npm notice 1.7kB  lib/utils/VideoServices.js
90 error publish npm notice 2.0kB  src/annotation/AudioPainting.js
90 error publish npm notice 269B   src/annotation/AudioPainting.mdx
90 error publish npm notice 715B   src/annotation/BaseAnnotation.js
90 error publish npm notice 1.4kB  src/annotation/forms/AudioPropertiesForm.js
90 error publish npm notice 979B   src/annotation/forms/FormStyles.js
90 error publish npm notice 6.1kB  src/annotation/forms/ImagePropertiesForm.js
90 error publish npm notice 1.9kB  src/annotation/forms/RangeStyles.scss
90 error publish npm notice 1.4kB  src/annotation/forms/TextPropertiesForm.js
90 error publish npm notice 6.5kB  src/annotation/forms/VideoPropertiesForm.js
90 error publish npm notice 1.9kB  src/annotation/ImagePainting.js
90 error publish npm notice 410B   src/annotation/ImagePainting.mdx
90 error publish npm notice 803B   src/annotation/index.js
90 error publish npm notice 1.9kB  src/annotation/TextLayoutViewFocus.js
90 error publish npm notice 2.0kB  src/annotation/TextPainting.js
90 error publish npm notice 358B   src/annotation/TextPainting.mdx
90 error publish npm notice 2.5kB  src/annotation/VideoPainting.js
90 error publish npm notice 467B   src/annotation/VideoPainting.mdx
90 error publish npm notice 740B   src/components/AnnotationBodyRenderer/AnnotationBodyRenderer.js
90 error publish npm notice 346B   src/components/AnnotationBodyRenderer/AnnotationBodyRenderer.mdx
90 error publish npm notice 3.1kB  src/components/AnnotationList/__snapshots__/AnnotationList.test.js.snap
90 error publish npm notice 4.9kB  src/components/AnnotationList/AnnotationList.js
90 error publish npm notice 3.7kB  src/components/AnnotationList/AnnotationList.mdx
90 error publish npm notice 464B   src/components/AnnotationList/AnnotationList.test.js
90 error publish npm notice 2.0kB  src/components/AnnotationList/AnnotationListItem.js
90 error publish npm notice 1.5kB  src/components/AppBarButton/AppBarButton.js
90 error publish npm notice 756B   src/components/AppBarButton/AppBarButton.mdx
90 error publish npm notice 389B   src/components/ApplicationLayout/ApplicationLayout.js
90 error publish npm notice 1.2kB  src/components/ApplicationLayout/ApplicationLayout.scss
90 error publish npm notice 639B   src/components/ButtonWithTooltip/ButtonWithTooltip.js
90 error publish npm notice 358B   src/components/ButtonWithTooltip/ButtonWithTooltip.mdx
90 error publish npm notice 4.0kB  src/components/CanvasList/__snapshots__/CanvasList.test.js.snap
90 error publish npm notice 8.9kB  src/components/CanvasList/CanvasList.js
90 error publish npm notice 694B   src/components/CanvasList/CanvasList.mdx
90 error publish npm notice 406B   src/components/CanvasList/CanvasList.test.js
90 error publish npm notice 2.6kB  src/components/DefaultAnnotationListToolbar/DefaultAnnotationListToolbar.js
90 error publish npm notice 2.3kB  src/components/DefaultLoadManifestDialog/DefaultLoadManifestDialog.js
90 error publish npm notice 556B   src/components/DefaultTooltip/DefaultTooltip.js
90 error publish npm notice 156B   src/components/DLCSExplorer/DLCS.utils.js
90 error publish npm notice 9.1kB  src/components/DLCSExplorer/DLCSExplorer.js
90 error publish npm notice 60B    src/components/DLCSExplorer/DLCSExplorer.mdx
90 error publish npm notice 2.0kB  src/components/DLCSExplorer/DLCSImageThumbnail.js
90 error publish npm notice 3.6kB  src/components/DLCSExplorer/DLCSLoginPanel.js
90 error publish npm notice 2.4kB  src/components/DLCSExplorer/DLCSNewSpaceForm.js
90 error publish npm notice 178B   src/components/DLCSExplorer/DLCSPanel.js
90 error publish npm notice 4.3kB  src/components/DLCSExplorer/DLCSSearchForm.js
90 error publish npm notice 8.2kB  src/components/DLCSExplorer/DropzoneUpload.js
90 error publish npm notice 2.5kB  src/components/EditableCanvas/__snapshots__/EditableCanvas.test.js.snap
90 error publish npm notice 7.5kB  src/components/EditableCanvas/EditableCanvas.js
90 error publish npm notice 770B   src/components/EditableCanvas/EditableCanvas.mdx
90 error publish npm notice 363B   src/components/EditableCanvas/EditableCanvas.test.js
90 error publish npm notice 2.7kB  src/components/EditableCanvasPanel/AnnotationResizers.js
90 error publish npm notice 10.2kB src/components/EditableCanvasPanel/EditableAnnotation.js
90 error publish npm notice 10.5kB src/components/EditableCanvasPanel/EditableCanvasPanel.js
90 error publish npm notice 3.2kB  src/components/EditableCanvasPanel/EditableCanvasPanel.mdx
90 error publish npm notice 20.2kB src/components/EditorContext/EditorContext.js
90 error publish npm notice 1.1kB  src/components/EditorContext/EditorContext.mdx
90 error publish npm notice 6.7kB  src/components/IIIFBehaviours/IIIFBehaviours.js
90 error publish npm notice 2.2kB  src/components/IIIFCollectionExplorer/__snapshots__/IIIFCollectionExplorer.test.js.snap
90 error publish npm notice 5.6kB  src/components/IIIFCollectionExplorer/IIIFCollectionExplorer.CanvasList.js
90 error publish npm notice 2.7kB  src/components/IIIFCollectionExplorer/IIIFCollectionExplorer.CollectionLister.js
90 error publish npm notice 743B   src/components/IIIFCollectionExplorer/IIIFCollectionExplorer.IMG.js
90 error publish npm notice 5.5kB  src/components/IIIFCollectionExplorer/IIIFCollectionExplorer.js
90 error publish npm notice 819B   src/components/IIIFCollectionExplorer/IIIFCollectionExplorer.mdx
90 error publish npm notice 3.0kB  src/components/IIIFCollectionExplorer/IIIFCollectionExplorer.NavBar.js
90 error publish npm notice 336B   src/components/IIIFCollectionExplorer/IIIFCollectionExplorer.test.js
90 error publish npm notice 2.6kB  src/components/IIIFCollectionExplorer/IIIFCollectionExplorer.utils.js
90 error publish npm notice 6.3kB  src/components/IIIFKeyValueField/IIIFKeyValueField.js
90 error publish npm notice 292B   src/components/IIIFKeyValueField/quill-extras.scss
90 error publish npm notice 3.7kB  src/components/IIIFTextField/IIIFTextField.js
90 error publish npm notice 292B   src/components/IIIFTextField/quill-extras.scss
90 error publish npm notice 5.4kB  src/components/ImageCropper/ImageCropper.js
90 error publish npm notice 2.4kB  src/components/index.js
90 error publish npm notice 661B   src/components/LabelContext/LabelContext.js
90 error publish npm notice 602B   src/components/LanguagesDropdown/LanguagesDropdown.js
90 error publish npm notice 342B   src/components/LocaleString/LocaleString.js
90 error publish npm notice 1.9kB  src/components/ManifestEditor/ManifestEditor.js
90 error publish npm notice 81B    src/components/ManifestEditor/ManifestEditor.mdx
90 error publish npm notice 1.0kB  src/components/ManifestEditorAppBar/ManifestEditorAppBar.js
90 error publish npm notice 2.5kB  src/components/MetadataEditor/__snapshots__/MetadataEditor.test.js.snap
90 error publish npm notice 12.4kB src/components/MetadataEditor/MetadataEditor.js
90 error publish npm notice 201B   src/components/MetadataEditor/MetadataEditor.mdx
90 error publish npm notice 611B   src/components/MetadataEditor/MetadataEditor.test.js
90 error publish npm notice 5.7kB  src/components/NewAnnotationDialog/NewAnnotationDialog.js
90 error publish npm notice 185B   src/components/NewAnnotationDialog/NewAnnotationDialog.mdx
90 error publish npm notice 307B   src/components/NotSupportedAnnotation/NotSupportedAnnotation.js
90 error publish npm notice 307B   src/components/Panel/Panel.js
90 error publish npm notice 613B   src/components/Panel/Panel.mdx
90 error publish npm notice 643B   src/components/Panel/Panel.scss
90 error publish npm notice 14.0kB src/components/Properties/Properties.js
90 error publish npm notice 2.1kB  src/components/Properties/Properties.mdx
90 error publish npm notice 3.6kB  src/components/Properties/Properties.TranslationDialog.js
90 error publish npm notice 606B   src/components/Properties/Properties.TranslationDialog.mdx
90 error publish npm notice 953B   src/components/SourcePreviewDialog/SourcePreviewDialog.js
90 error publish npm notice 3.8kB  src/components/TabPanel/TabPanel.js
90 error publish npm notice 3.1kB  src/components/TabPanel/TabPanel.mdx
90 error publish npm notice 346B   src/components/TabPanel/TabPanel.scss
90 error publish npm notice 113B   src/constants/sizing.js
90 error publish npm notice 77B    src/containers/ExternalAnnotationServer.mdx
90 error publish npm notice 8.9kB  src/containers/SimpleEditorUI.js
90 error publish npm notice 396B   src/containers/SimpleEditorUI.mdx
90 error publish npm notice 43.4kB src/containers/SimpleEditorUI.scss
90 error publish npm notice 4.2kB  src/containers/TUDelftManifestEditor.ExhibitionCanvasWidthHeight.js
90 error publish npm notice 16.8kB src/containers/TUDelftManifestEditor.ExhibitionPreview.js
90 error publish npm notice 12.8kB src/containers/TUDelftManifestEditor.js
90 error publish npm notice 541B   src/containers/TUDelftManifestEditor.mdx
90 error publish npm notice 45.9kB src/containers/TUDelftManifestEditor.scss
90 error publish npm notice 8.7kB  src/containers/VNASlideshowEditor.js
90 error publish npm notice 402B   src/containers/VNASlideshowEditor.mdx
90 error publish npm notice 45B    src/docz.html
90 error publish npm notice 3.3kB  src/index.js
90 error publish npm notice 40B    src/index.mdx
90 error publish npm notice 1.1kB  src/nunjucks/index.twig
90 error publish npm notice 250B   src/reducers/dd.js
90 error publish npm notice 106B   src/reducers/dd.mdx
90 error publish npm notice 1.2kB  src/reducers/editor.js
90 error publish npm notice 432B   src/reducers/editor.mdx
90 error publish npm notice 357B   src/reducers/editor.test.js
90 error publish npm notice 8.2kB  src/reducers/iiif.js
90 error publish npm notice 918B   src/reducers/iiif.mdx
90 error publish npm notice 17.6kB src/reducers/iiif.test.js
90 error publish npm notice 2.3kB  src/utils/addResource.js
90 error publish npm notice 277B   src/utils/colors.js
90 error publish npm notice 468B   src/utils/download.js
90 error publish npm notice 2.3kB  src/utils/IIIFPersistance.js
90 error publish npm notice 22.1kB src/utils/IIIFResource.js
90 error publish npm notice 9.7kB  src/utils/IIIFResource.noasyncawait.js
90 error publish npm notice 4.3kB  src/utils/IIIFResource.test.js
90 error publish npm notice 714B   src/utils/IIIFUpgrader.js
90 error publish npm notice 7.3kB  src/utils/IIIFUpgrader.test.js
90 error publish npm notice 897B   src/utils/index.js
90 error publish npm notice 1.9kB  src/utils/URIGenerator.js
90 error publish npm notice 4.2kB  src/utils/URIGenerator.test.js
90 error publish npm notice 1.5kB  src/utils/VideoServices.js
90 error publish npm notice === Tarball Details ===
90 error publish npm notice name:          @iiif-mec/core
90 error publish npm notice version:       1.0.3
90 error publish npm notice package size:  229.7 kB
90 error publish npm notice unpacked size: 1.1 MB
90 error publish npm notice shasum:        a84f94e888dc3908f6a46c8dc2c904ffd1212897
90 error publish npm notice integrity:     sha512-xe98fOCaGVeHZ[...]2TSDSZpJ/l6XQ==
90 error publish npm notice total files:   278
90 error publish npm notice
90 error publish npm ERR! asyncWrite is not a function
90 error publish
90 error publish npm ERR! A complete log of this run can be found in:
90 error publish npm ERR!     /Users/adam.meszaros/.npm/_logs/2019-03-26T17_17_43_888Z-debug.log
90 error publish
90 error publish     at Promise.all.then.arr (/usr/local/lib/node_modules/lerna/node_modules/execa/index.js:236:11)
90 error publish     at <anonymous>
90 error publish     at process._tickCallback (internal/process/next_tick.js:189:7)
91 error execute callback with error
92 error Error: Command failed: npm publish --tag latest
92 error npm notice
92 error npm notice 📦  @iiif-mec/core@1.0.3
92 error npm notice === Tarball Contents ===
92 error npm notice 2.5kB  package.json
92 error npm notice 59B    .eslintignore
92 error npm notice 49B    .eslintrc.js
92 error npm notice 5B     .nvmrc
92 error npm notice 55B    .prettierrc
92 error npm notice 1.3kB  doczrc.js
92 error npm notice 122B   jest.transform.js
92 error npm notice 1.1kB  LICENSE
92 error npm notice 40B    README.md
92 error npm notice 223B   setup.jest.js
92 error npm notice 124B   webpack.config.js
92 error npm notice 21B    __mocks__/styleMock.js
92 error npm notice 3.3kB  lib/annotation/AudioPainting.js
92 error npm notice 269B   lib/annotation/AudioPainting.mdx
92 error npm notice 1.4kB  lib/annotation/BaseAnnotation.js
92 error npm notice 2.4kB  lib/annotation/forms/AudioPropertiesForm.js
92 error npm notice 1.2kB  lib/annotation/forms/FormStyles.js
92 error npm notice 7.5kB  lib/annotation/forms/ImagePropertiesForm.js
92 error npm notice 1.9kB  lib/annotation/forms/RangeStyles.scss
92 error npm notice 2.1kB  lib/annotation/forms/TextPropertiesForm.js
92 error npm notice 8.0kB  lib/annotation/forms/VideoPropertiesForm.js
92 error npm notice 3.3kB  lib/annotation/ImagePainting.js
92 error npm notice 410B   lib/annotation/ImagePainting.mdx
92 error npm notice 2.3kB  lib/annotation/index.js
92 error npm notice 3.4kB  lib/annotation/TextLayoutViewFocus.js
92 error npm notice 3.4kB  lib/annotation/TextPainting.js
92 error npm notice 358B   lib/annotation/TextPainting.mdx
92 error npm notice 3.7kB  lib/annotation/VideoPainting.js
92 error npm notice 467B   lib/annotation/VideoPainting.mdx
92 error npm notice 827B   lib/components/AnnotationBodyRenderer/AnnotationBodyRenderer.js
92 error npm notice 346B   lib/components/AnnotationBodyRenderer/AnnotationBodyRenderer.mdx
92 error npm notice 3.1kB  lib/components/AnnotationList/__snapshots__/AnnotationList.test.js.snap
92 error npm notice 4.6kB  lib/components/AnnotationList/AnnotationList.js
92 error npm notice 3.7kB  lib/components/AnnotationList/AnnotationList.mdx
92 error npm notice 487B   lib/components/AnnotationList/AnnotationList.test.js
92 error npm notice 2.1kB  lib/components/AnnotationList/AnnotationListItem.js
92 error npm notice 1.6kB  lib/components/AppBarButton/AppBarButton.js
92 error npm notice 756B   lib/components/AppBarButton/AppBarButton.mdx
92 error npm notice 582B   lib/components/ApplicationLayout/ApplicationLayout.js
92 error npm notice 1.2kB  lib/components/ApplicationLayout/ApplicationLayout.scss
92 error npm notice 938B   lib/components/ButtonWithTooltip/ButtonWithTooltip.js
92 error npm notice 358B   lib/components/ButtonWithTooltip/ButtonWithTooltip.mdx
92 error npm notice 4.0kB  lib/components/CanvasList/__snapshots__/CanvasList.test.js.snap
92 error npm notice 8.0kB  lib/components/CanvasList/CanvasList.js
92 error npm notice 694B   lib/components/CanvasList/CanvasList.mdx
92 error npm notice 441B   lib/components/CanvasList/CanvasList.test.js
92 error npm notice 2.9kB  lib/components/DefaultAnnotationListToolbar/DefaultAnnotationListToolbar.js
92 error npm notice 2.5kB  lib/components/DefaultLoadManifestDialog/DefaultLoadManifestDialog.js
92 error npm notice 721B   lib/components/DefaultTooltip/DefaultTooltip.js
92 error npm notice 318B   lib/components/DLCSExplorer/DLCS.utils.js
92 error npm notice 10.8kB lib/components/DLCSExplorer/DLCSExplorer.js
92 error npm notice 60B    lib/components/DLCSExplorer/DLCSExplorer.mdx
92 error npm notice 3.6kB  lib/components/DLCSExplorer/DLCSImageThumbnail.js
92 error npm notice 5.1kB  lib/components/DLCSExplorer/DLCSLoginPanel.js
92 error npm notice 3.9kB  lib/components/DLCSExplorer/DLCSNewSpaceForm.js
92 error npm notice 355B   lib/components/DLCSExplorer/DLCSPanel.js
92 error npm notice 6.4kB  lib/components/DLCSExplorer/DLCSSearchForm.js
92 error npm notice 9.6kB  lib/components/DLCSExplorer/DropzoneUpload.js
92 error npm notice 2.5kB  lib/components/EditableCanvas/__snapshots__/EditableCanvas.test.js.snap
92 error npm notice 7.8kB  lib/components/EditableCanvas/EditableCanvas.js
92 error npm notice 770B   lib/components/EditableCanvas/EditableCanvas.mdx
92 error npm notice 426B   lib/components/EditableCanvas/EditableCanvas.test.js
92 error npm notice 4.0kB  lib/components/EditableCanvasPanel/AnnotationResizers.js
92 error npm notice 12.2kB lib/components/EditableCanvasPanel/EditableAnnotation.js
92 error npm notice 10.6kB lib/components/EditableCanvasPanel/EditableCanvasPanel.js
92 error npm notice 3.2kB  lib/components/EditableCanvasPanel/EditableCanvasPanel.mdx
92 error npm notice 22.4kB lib/components/EditorContext/EditorContext.js
92 error npm notice 1.1kB  lib/components/EditorContext/EditorContext.mdx
92 error npm notice 6.1kB  lib/components/IIIFBehaviours/IIIFBehaviours.js
92 error npm notice 2.2kB  lib/components/IIIFCollectionExplorer/__snapshots__/IIIFCollectionExplorer.test.js.snap
92 error npm notice 7.7kB  lib/components/IIIFCollectionExplorer/IIIFCollectionExplorer.CanvasList.js
92 error npm notice 3.5kB  lib/components/IIIFCollectionExplorer/IIIFCollectionExplorer.CollectionLister.js
92 error npm notice 2.3kB  lib/components/IIIFCollectionExplorer/IIIFCollectionExplorer.IMG.js
92 error npm notice 7.1kB  lib/components/IIIFCollectionExplorer/IIIFCollectionExplorer.js
92 error npm notice 819B   lib/components/IIIFCollectionExplorer/IIIFCollectionExplorer.mdx
92 error npm notice 4.5kB  lib/components/IIIFCollectionExplorer/IIIFCollectionExplorer.NavBar.js
92 error npm notice 427B   lib/components/IIIFCollectionExplorer/IIIFCollectionExplorer.test.js
92 error npm notice 2.7kB  lib/components/IIIFCollectionExplorer/IIIFCollectionExplorer.utils.js
92 error npm notice 6.6kB  lib/components/IIIFKeyValueField/IIIFKeyValueField.js
92 error npm notice 292B   lib/components/IIIFKeyValueField/quill-extras.scss
92 error npm notice 4.0kB  lib/components/IIIFTextField/IIIFTextField.js
92 error npm notice 292B   lib/components/IIIFTextField/quill-extras.scss
92 error npm notice 6.7kB  lib/components/ImageCropper/ImageCropper.js
92 error npm notice 5.8kB  lib/components/index.js
92 error npm notice 1.6kB  lib/components/LabelContext/LabelContext.js
92 error npm notice 965B   lib/components/LanguagesDropdown/LanguagesDropdown.js
92 error npm notice 550B   lib/components/LocaleString/LocaleString.js
92 error npm notice 2.2kB  lib/components/ManifestEditor/ManifestEditor.js
92 error npm notice 81B    lib/components/ManifestEditor/ManifestEditor.mdx
92 error npm notice 978B   lib/components/ManifestEditorAppBar/ManifestEditorAppBar.js
92 error npm notice 2.5kB  lib/components/MetadataEditor/__snapshots__/MetadataEditor.test.js.snap
92 error npm notice 11.1kB lib/components/MetadataEditor/MetadataEditor.js
92 error npm notice 201B   lib/components/MetadataEditor/MetadataEditor.mdx
92 error npm notice 636B   lib/components/MetadataEditor/MetadataEditor.test.js
92 error npm notice 5.9kB  lib/components/NewAnnotationDialog/NewAnnotationDialog.js
92 error npm notice 185B   lib/components/NewAnnotationDialog/NewAnnotationDialog.mdx
92 error npm notice 511B   lib/components/NotSupportedAnnotation/NotSupportedAnnotation.js
92 error npm notice 496B   lib/components/Panel/Panel.js
92 error npm notice 613B   lib/components/Panel/Panel.mdx
92 error npm notice 643B   lib/components/Panel/Panel.scss
92 error npm notice 11.8kB lib/components/Properties/Properties.js
92 error npm notice 2.1kB  lib/components/Properties/Properties.mdx
92 error npm notice 3.9kB  lib/components/Properties/Properties.TranslationDialog.js
92 error npm notice 606B   lib/components/Properties/Properties.TranslationDialog.mdx
92 error npm notice 1.1kB  lib/components/SourcePreviewDialog/SourcePreviewDialog.js
92 error npm notice 5.2kB  lib/components/TabPanel/TabPanel.js
92 error npm notice 3.1kB  lib/components/TabPanel/TabPanel.mdx
92 error npm notice 346B   lib/components/TabPanel/TabPanel.scss
92 error npm notice 259B   lib/constants/sizing.js
92 error npm notice 77B    lib/containers/ExternalAnnotationServer.mdx
92 error npm notice 10.4kB lib/containers/SimpleEditorUI.js
92 error npm notice 396B   lib/containers/SimpleEditorUI.mdx
92 error npm notice 43.4kB lib/containers/SimpleEditorUI.scss
92 error npm notice 5.4kB  lib/containers/TUDelftManifestEditor.ExhibitionCanvasWidthHeight.js
92 error npm notice 14.8kB lib/containers/TUDelftManifestEditor.ExhibitionPreview.js
92 error npm notice 14.0kB lib/containers/TUDelftManifestEditor.js
92 error npm notice 541B   lib/containers/TUDelftManifestEditor.mdx
92 error npm notice 45.9kB lib/containers/TUDelftManifestEditor.scss
92 error npm notice 10.4kB lib/containers/VNASlideshowEditor.js
92 error npm notice 402B   lib/containers/VNASlideshowEditor.mdx
92 error npm notice 45B    lib/docz.html
92 error npm notice 8.7kB  lib/index.js
92 error npm notice 40B    lib/index.mdx
92 error npm notice 1.1kB  lib/nunjucks/index.twig
92 error npm notice 286B   lib/reducers/dd.js
92 error npm notice 106B   lib/reducers/dd.mdx
92 error npm notice 1.3kB  lib/reducers/editor.js
92 error npm notice 432B   lib/reducers/editor.mdx
92 error npm notice 397B   lib/reducers/editor.test.js
92 error npm notice 8.6kB  lib/reducers/iiif.js
92 error npm notice 918B   lib/reducers/iiif.mdx
92 error npm notice 16.1kB lib/reducers/iiif.test.js
92 error npm notice 2.4kB  lib/utils/addResource.js
92 error npm notice 440B   lib/utils/colors.js
92 error npm notice 601B   lib/utils/download.js
92 error npm notice 2.8kB  lib/utils/IIIFPersistance.js
92 error npm notice 30.0kB lib/utils/IIIFResource.js
92 error npm notice 9.7kB  lib/utils/IIIFResource.noasyncawait.js
92 error npm notice 4.3kB  lib/utils/IIIFResource.test.js
92 error npm notice 876B   lib/utils/IIIFUpgrader.js
92 error npm notice 6.2kB  lib/utils/IIIFUpgrader.test.js
92 error npm notice 2.9kB  lib/utils/index.js
92 error npm notice 2.2kB  lib/utils/URIGenerator.js
92 error npm notice 4.0kB  lib/utils/URIGenerator.test.js
92 error npm notice 1.7kB  lib/utils/VideoServices.js
92 error npm notice 2.0kB  src/annotation/AudioPainting.js
92 error npm notice 269B   src/annotation/AudioPainting.mdx
92 error npm notice 715B   src/annotation/BaseAnnotation.js
92 error npm notice 1.4kB  src/annotation/forms/AudioPropertiesForm.js
92 error npm notice 979B   src/annotation/forms/FormStyles.js
92 error npm notice 6.1kB  src/annotation/forms/ImagePropertiesForm.js
92 error npm notice 1.9kB  src/annotation/forms/RangeStyles.scss
92 error npm notice 1.4kB  src/annotation/forms/TextPropertiesForm.js
92 error npm notice 6.5kB  src/annotation/forms/VideoPropertiesForm.js
92 error npm notice 1.9kB  src/annotation/ImagePainting.js
92 error npm notice 410B   src/annotation/ImagePainting.mdx
92 error npm notice 803B   src/annotation/index.js
92 error npm notice 1.9kB  src/annotation/TextLayoutViewFocus.js
92 error npm notice 2.0kB  src/annotation/TextPainting.js
92 error npm notice 358B   src/annotation/TextPainting.mdx
92 error npm notice 2.5kB  src/annotation/VideoPainting.js
92 error npm notice 467B   src/annotation/VideoPainting.mdx
92 error npm notice 740B   src/components/AnnotationBodyRenderer/AnnotationBodyRenderer.js
92 error npm notice 346B   src/components/AnnotationBodyRenderer/AnnotationBodyRenderer.mdx
92 error npm notice 3.1kB  src/components/AnnotationList/__snapshots__/AnnotationList.test.js.snap
92 error npm notice 4.9kB  src/components/AnnotationList/AnnotationList.js
92 error npm notice 3.7kB  src/components/AnnotationList/AnnotationList.mdx
92 error npm notice 464B   src/components/AnnotationList/AnnotationList.test.js
92 error npm notice 2.0kB  src/components/AnnotationList/AnnotationListItem.js
92 error npm notice 1.5kB  src/components/AppBarButton/AppBarButton.js
92 error npm notice 756B   src/components/AppBarButton/AppBarButton.mdx
92 error npm notice 389B   src/components/ApplicationLayout/ApplicationLayout.js
92 error npm notice 1.2kB  src/components/ApplicationLayout/ApplicationLayout.scss
92 error npm notice 639B   src/components/ButtonWithTooltip/ButtonWithTooltip.js
92 error npm notice 358B   src/components/ButtonWithTooltip/ButtonWithTooltip.mdx
92 error npm notice 4.0kB  src/components/CanvasList/__snapshots__/CanvasList.test.js.snap
92 error npm notice 8.9kB  src/components/CanvasList/CanvasList.js
92 error npm notice 694B   src/components/CanvasList/CanvasList.mdx
92 error npm notice 406B   src/components/CanvasList/CanvasList.test.js
92 error npm notice 2.6kB  src/components/DefaultAnnotationListToolbar/DefaultAnnotationListToolbar.js
92 error npm notice 2.3kB  src/components/DefaultLoadManifestDialog/DefaultLoadManifestDialog.js
92 error npm notice 556B   src/components/DefaultTooltip/DefaultTooltip.js
92 error npm notice 156B   src/components/DLCSExplorer/DLCS.utils.js
92 error npm notice 9.1kB  src/components/DLCSExplorer/DLCSExplorer.js
92 error npm notice 60B    src/components/DLCSExplorer/DLCSExplorer.mdx
92 error npm notice 2.0kB  src/components/DLCSExplorer/DLCSImageThumbnail.js
92 error npm notice 3.6kB  src/components/DLCSExplorer/DLCSLoginPanel.js
92 error npm notice 2.4kB  src/components/DLCSExplorer/DLCSNewSpaceForm.js
92 error npm notice 178B   src/components/DLCSExplorer/DLCSPanel.js
92 error npm notice 4.3kB  src/components/DLCSExplorer/DLCSSearchForm.js
92 error npm notice 8.2kB  src/components/DLCSExplorer/DropzoneUpload.js
92 error npm notice 2.5kB  src/components/EditableCanvas/__snapshots__/EditableCanvas.test.js.snap
92 error npm notice 7.5kB  src/components/EditableCanvas/EditableCanvas.js
92 error npm notice 770B   src/components/EditableCanvas/EditableCanvas.mdx
92 error npm notice 363B   src/components/EditableCanvas/EditableCanvas.test.js
92 error npm notice 2.7kB  src/components/EditableCanvasPanel/AnnotationResizers.js
92 error npm notice 10.2kB src/components/EditableCanvasPanel/EditableAnnotation.js
92 error npm notice 10.5kB src/components/EditableCanvasPanel/EditableCanvasPanel.js
92 error npm notice 3.2kB  src/components/EditableCanvasPanel/EditableCanvasPanel.mdx
92 error npm notice 20.2kB src/components/EditorContext/EditorContext.js
92 error npm notice 1.1kB  src/components/EditorContext/EditorContext.mdx
92 error npm notice 6.7kB  src/components/IIIFBehaviours/IIIFBehaviours.js
92 error npm notice 2.2kB  src/components/IIIFCollectionExplorer/__snapshots__/IIIFCollectionExplorer.test.js.snap
92 error npm notice 5.6kB  src/components/IIIFCollectionExplorer/IIIFCollectionExplorer.CanvasList.js
92 error npm notice 2.7kB  src/components/IIIFCollectionExplorer/IIIFCollectionExplorer.CollectionLister.js
92 error npm notice 743B   src/components/IIIFCollectionExplorer/IIIFCollectionExplorer.IMG.js
92 error npm notice 5.5kB  src/components/IIIFCollectionExplorer/IIIFCollectionExplorer.js
92 error npm notice 819B   src/components/IIIFCollectionExplorer/IIIFCollectionExplorer.mdx
92 error npm notice 3.0kB  src/components/IIIFCollectionExplorer/IIIFCollectionExplorer.NavBar.js
92 error npm notice 336B   src/components/IIIFCollectionExplorer/IIIFCollectionExplorer.test.js
92 error npm notice 2.6kB  src/components/IIIFCollectionExplorer/IIIFCollectionExplorer.utils.js
92 error npm notice 6.3kB  src/components/IIIFKeyValueField/IIIFKeyValueField.js
92 error npm notice 292B   src/components/IIIFKeyValueField/quill-extras.scss
92 error npm notice 3.7kB  src/components/IIIFTextField/IIIFTextField.js
92 error npm notice 292B   src/components/IIIFTextField/quill-extras.scss
92 error npm notice 5.4kB  src/components/ImageCropper/ImageCropper.js
92 error npm notice 2.4kB  src/components/index.js
92 error npm notice 661B   src/components/LabelContext/LabelContext.js
92 error npm notice 602B   src/components/LanguagesDropdown/LanguagesDropdown.js
92 error npm notice 342B   src/components/LocaleString/LocaleString.js
92 error npm notice 1.9kB  src/components/ManifestEditor/ManifestEditor.js
92 error npm notice 81B    src/components/ManifestEditor/ManifestEditor.mdx
92 error npm notice 1.0kB  src/components/ManifestEditorAppBar/ManifestEditorAppBar.js
92 error npm notice 2.5kB  src/components/MetadataEditor/__snapshots__/MetadataEditor.test.js.snap
92 error npm notice 12.4kB src/components/MetadataEditor/MetadataEditor.js
92 error npm notice 201B   src/components/MetadataEditor/MetadataEditor.mdx
92 error npm notice 611B   src/components/MetadataEditor/MetadataEditor.test.js
92 error npm notice 5.7kB  src/components/NewAnnotationDialog/NewAnnotationDialog.js
92 error npm notice 185B   src/components/NewAnnotationDialog/NewAnnotationDialog.mdx
92 error npm notice 307B   src/components/NotSupportedAnnotation/NotSupportedAnnotation.js
92 error npm notice 307B   src/components/Panel/Panel.js
92 error npm notice 613B   src/components/Panel/Panel.mdx
92 error npm notice 643B   src/components/Panel/Panel.scss
92 error npm notice 14.0kB src/components/Properties/Properties.js
92 error npm notice 2.1kB  src/components/Properties/Properties.mdx
92 error npm notice 3.6kB  src/components/Properties/Properties.TranslationDialog.js
92 error npm notice 606B   src/components/Properties/Properties.TranslationDialog.mdx
92 error npm notice 953B   src/components/SourcePreviewDialog/SourcePreviewDialog.js
92 error npm notice 3.8kB  src/components/TabPanel/TabPanel.js
92 error npm notice 3.1kB  src/components/TabPanel/TabPanel.mdx
92 error npm notice 346B   src/components/TabPanel/TabPanel.scss
92 error npm notice 113B   src/constants/sizing.js
92 error npm notice 77B    src/containers/ExternalAnnotationServer.mdx
92 error npm notice 8.9kB  src/containers/SimpleEditorUI.js
92 error npm notice 396B   src/containers/SimpleEditorUI.mdx
92 error npm notice 43.4kB src/containers/SimpleEditorUI.scss
92 error npm notice 4.2kB  src/containers/TUDelftManifestEditor.ExhibitionCanvasWidthHeight.js
92 error npm notice 16.8kB src/containers/TUDelftManifestEditor.ExhibitionPreview.js
92 error npm notice 12.8kB src/containers/TUDelftManifestEditor.js
92 error npm notice 541B   src/containers/TUDelftManifestEditor.mdx
92 error npm notice 45.9kB src/containers/TUDelftManifestEditor.scss
92 error npm notice 8.7kB  src/containers/VNASlideshowEditor.js
92 error npm notice 402B   src/containers/VNASlideshowEditor.mdx
92 error npm notice 45B    src/docz.html
92 error npm notice 3.3kB  src/index.js
92 error npm notice 40B    src/index.mdx
92 error npm notice 1.1kB  src/nunjucks/index.twig
92 error npm notice 250B   src/reducers/dd.js
92 error npm notice 106B   src/reducers/dd.mdx
92 error npm notice 1.2kB  src/reducers/editor.js
92 error npm notice 432B   src/reducers/editor.mdx
92 error npm notice 357B   src/reducers/editor.test.js
92 error npm notice 8.2kB  src/reducers/iiif.js
92 error npm notice 918B   src/reducers/iiif.mdx
92 error npm notice 17.6kB src/reducers/iiif.test.js
92 error npm notice 2.3kB  src/utils/addResource.js
92 error npm notice 277B   src/utils/colors.js
92 error npm notice 468B   src/utils/download.js
92 error npm notice 2.3kB  src/utils/IIIFPersistance.js
92 error npm notice 22.1kB src/utils/IIIFResource.js
92 error npm notice 9.7kB  src/utils/IIIFResource.noasyncawait.js
92 error npm notice 4.3kB  src/utils/IIIFResource.test.js
92 error npm notice 714B   src/utils/IIIFUpgrader.js
92 error npm notice 7.3kB  src/utils/IIIFUpgrader.test.js
92 error npm notice 897B   src/utils/index.js
92 error npm notice 1.9kB  src/utils/URIGenerator.js
92 error npm notice 4.2kB  src/utils/URIGenerator.test.js
92 error npm notice 1.5kB  src/utils/VideoServices.js
92 error npm notice === Tarball Details ===
92 error npm notice name:          @iiif-mec/core
92 error npm notice version:       1.0.3
92 error npm notice package size:  229.7 kB
92 error npm notice unpacked size: 1.1 MB
92 error npm notice shasum:        a84f94e888dc3908f6a46c8dc2c904ffd1212897
92 error npm notice integrity:     sha512-xe98fOCaGVeHZ[...]2TSDSZpJ/l6XQ==
92 error npm notice total files:   278
92 error npm notice
92 error npm ERR! asyncWrite is not a function
92 error
92 error npm ERR! A complete log of this run can be found in:
92 error npm ERR!     /Users/adam.meszaros/.npm/_logs/2019-03-26T17_17_43_888Z-debug.log
92 error
92 error     at Promise.all.then.arr (/usr/local/lib/node_modules/lerna/node_modules/execa/index.js:236:11)
92 error     at <anonymous>
