Arguments: 
  /usr/local/bin/node /usr/local/Cellar/yarn/1.7.0/libexec/bin/yarn.js add npm-run-all

PATH: 
  /Library/Frameworks/Python.framework/Versions/3.6/bin:/Users/adam.meszaros/Library/Python/3.6/bin:/usr/local/bin:/usr/bin:/bin:/usr/sbin:/sbin:/Library/Frameworks/Python.framework/Versions/3.6/bin:/Users/adam.meszaros/Library/Python/3.6/bin

Yarn version: 
  1.7.0

Node version: 
  9.11.2

Platform: 
  darwin x64

Trace: 
  SyntaxError: /Users/adam.meszaros/manifest_editors/iiif-manifest-editor-components/package.json: Unexpected token } in JSON at position 440
      at JSON.parse (<anonymous>)
      at /usr/local/Cellar/yarn/1.7.0/libexec/lib/cli.js:1130:59
      at Generator.next (<anonymous>)
      at step (/usr/local/Cellar/yarn/1.7.0/libexec/lib/cli.js:98:30)
      at /usr/local/Cellar/yarn/1.7.0/libexec/lib/cli.js:109:13
      at <anonymous>

npm manifest: 
  {
    "private": true,
    "workspaces": [
      "packages/*"
    ],
    "name": "iiif-manifest-editor-components",
    "version": "1.0.0",
    "description": "Common components for editing IIIF manifests",
    "devEngines": {
      "node": "8.x"
    },
    "scripts": {
      "build": "lerna run build && lerna link",
      "build-all": "lerna run build",
      "build-ci": "npm-run-all build build-docs",
      "link": "lerna link",
      "postinstall": "lerna link",
    },
    "repository": {
      "type": "git",
      "url": "git+https://github.com/digirati-co-uk/iiif-manifest-editor-components.git"
    },
    "lint-staged": {
      "*.js": [
        "eslint --fix",
        "git add"
      ],
      "*.{js,json,scss,md}": [
        "prettier --write",
        "git add"
      ]
    },
    "keywords": [
      "IIIF",
      "manifest",
      "editor",
      "components"
    ],
    "author": "Adam Meszaros <adam.meszaros@digirati.com>",
    "license": "MIT",
    "bugs": {
      "url": "https://github.com/digirati-co-uk/iiif-manifest-editor-components/issues"
    },
    "homepage": "https://github.com/digirati-co-uk/iiif-manifest-editor-components#readme",
    "devDependencies": {
      "lerna": "^2.11.0"
    }
  }

yarn manifest: 
  No manifest

Lockfile: 
  No lockfile
